<?xml version="1.0" encoding="UTF-8"?>
<!-- Generated by org.testng.reporters.JUnitReportReporter -->
<testsuite hostname="LAPTOP-NLJ0AAUC" failures="0" tests="1" name="TestNg_Sequential.Facebook" time="6.975" errors="0" timestamp="2023-10-05T14:38:27 IST" skipped="0">
  <testcase classname="TestNg_Sequential.Facebook" name="fac" time="6.975"/>
</testsuite> <!-- TestNg_Sequential.Facebook -->
