<?xml version="1.0" encoding="UTF-8"?>
<!-- Generated by org.testng.reporters.JUnitReportReporter -->
<testsuite hostname="LAPTOP-NLJ0AAUC" failures="0" tests="1" name="TestNg_FailingPurpose.Amazon" time="7.489" errors="0" timestamp="2023-10-06T15:14:33 IST" skipped="0">
  <testcase classname="TestNg_FailingPurpose.Amazon" name="ama" time="7.489"/>
</testsuite> <!-- TestNg_FailingPurpose.Amazon -->
