<?xml version="1.0" encoding="UTF-8"?>
<!-- Generated by org.testng.reporters.JUnitReportReporter -->
<testsuite hostname="LAPTOP-NLJ0AAUC" failures="0" tests="1" name="TestNg_Parallel.Facebook_Distribution" time="8.735" errors="0" timestamp="2023-10-05T14:31:57 IST" skipped="0">
  <testcase classname="TestNg_Parallel.Facebook_Distribution" name="Demo1" time="8.735"/>
</testsuite> <!-- TestNg_Parallel.Facebook_Distribution -->
