<?xml version="1.0" encoding="UTF-8"?>
<!-- Generated by org.testng.reporters.JUnitReportReporter -->
<testsuite hostname="LAPTOP-NLJ0AAUC" failures="0" tests="2" name="TestNg_Group.Sample2" time="0.003" errors="0" timestamp="2023-10-05T20:09:41 IST" skipped="0">
  <testcase classname="TestNg_Group.Sample2" name="demo4" time="0.001"/>
  <testcase classname="TestNg_Group.Sample2" name="demo3" time="0.002"/>
</testsuite> <!-- TestNg_Group.Sample2 -->
