<?xml version="1.0" encoding="UTF-8"?>
<!-- Generated by org.testng.reporters.JUnitReportReporter -->
<testsuite hostname="LAPTOP-NLJ0AAUC" failures="0" tests="5" name="TestNg.Priority_Invocation_Enable" time="0.016" errors="0" timestamp="2023-10-04T15:51:38 IST" skipped="1">
  <testcase classname="TestNg.Priority_Invocation_Enable" name="Demo3" time="0.006"/>
  <testcase classname="TestNg.Priority_Invocation_Enable" name="Demo3" time="0.000"/>
  <testcase classname="TestNg.Priority_Invocation_Enable" name="Demo3" time="0.009"/>
  <testcase classname="TestNg.Priority_Invocation_Enable" name="Demo3" time="0.001"/>
  <testcase classname="TestNg.Priority_Invocation_Enable" name="Demo1">
    <skipped/>
  </testcase> <!-- Demo1 -->
</testsuite> <!-- TestNg.Priority_Invocation_Enable -->
