<?xml version="1.0" encoding="UTF-8"?>
<!-- Generated by org.testng.reporters.JUnitReportReporter -->
<testsuite hostname="LAPTOP-NLJ0AAUC" failures="0" tests="1" name="TestNg_Group.Sample1" time="0.005" errors="0" timestamp="2023-10-05T20:09:41 IST" skipped="0">
  <testcase classname="TestNg_Group.Sample1" name="demo1" time="0.005"/>
</testsuite> <!-- TestNg_Group.Sample1 -->
