<?xml version="1.0" encoding="UTF-8"?>
<!-- Generated by org.testng.reporters.JUnitReportReporter -->
<testsuite hostname="LAPTOP-NLJ0AAUC" failures="0" tests="3" name="TestNg_Annotation.Fb_Amazon_Snapdeal" time="23.042" errors="0" timestamp="2023-10-06T14:50:53 IST" skipped="0">
  <testcase classname="TestNg_Annotation.Fb_Amazon_Snapdeal" name="amazon" time="8.532"/>
  <testcase classname="TestNg_Annotation.Fb_Amazon_Snapdeal" name="snapdeal" time="7.388"/>
  <testcase classname="TestNg_Annotation.Fb_Amazon_Snapdeal" name="fb" time="7.122"/>
</testsuite> <!-- TestNg_Annotation.Fb_Amazon_Snapdeal -->
