<?xml version="1.0" encoding="UTF-8"?>
<!-- Generated by org.testng.reporters.JUnitReportReporter -->
<testsuite hostname="LAPTOP-NLJ0AAUC" failures="0" tests="2" name="TestNg.Assertion" time="10.936" errors="0" timestamp="2023-10-06T15:28:52 IST" skipped="0">
  <testcase classname="TestNg.Assertion" name="Quit" time="3.342"/>
  <testcase classname="TestNg.Assertion" name="FB" time="7.594"/>
</testsuite> <!-- TestNg.Assertion -->
