<?xml version="1.0" encoding="UTF-8"?>
<!-- Generated by org.testng.reporters.JUnitReportReporter -->
<testsuite hostname="LAPTOP-NLJ0AAUC" failures="0" tests="3" name="TestNg.DataProviders" time="24.418" errors="0" timestamp="2023-10-06T15:57:52 IST" skipped="0">
  <testcase classname="TestNg.DataProviders" name="demo" time="7.004"/>
  <testcase classname="TestNg.DataProviders" name="demo" time="10.275"/>
  <testcase classname="TestNg.DataProviders" name="demo" time="7.139"/>
</testsuite> <!-- TestNg.DataProviders -->
