<?xml version="1.0" encoding="UTF-8"?>
<!-- Generated by org.testng.reporters.JUnitReportReporter -->
<testsuite hostname="LAPTOP-NLJ0AAUC" failures="0" tests="1" name="TestNg_FailingPurpose.Facebook" time="8.184" errors="0" timestamp="2023-10-06T15:16:21 IST" skipped="0">
  <testcase classname="TestNg_FailingPurpose.Facebook" name="fb" time="8.184"/>
</testsuite> <!-- TestNg_FailingPurpose.Facebook -->
